{"meta": {"format": 3, "version": "7.16.0", "timestamp": "2026-09-02T08:58:24.316309", "branch_coverage": true, "show_contexts": false}, "files": {"src/build_xfce.py": {"executed_lines": [13, 14, 15, 16, 17, 19, 21, 22, 37, 38, 39, 40, 44, 46, 47, 48, 51, 94, 110], "summary": {"covered_lines": 19, "num_statements": 55, "percent_covered": 30.434782608695652, "percent_covered_display": "30.43", "missing_lines": 36, "excluded_lines": 0, "percent_statements_covered": 34.54545454545455, "percent_statements_covered_display": "34.55", "num_branches": 14, "num_partial_branches": 2, "covered_branches": 2, "missing_branches": 12, "percent_branches_covered": 14.285714285714286, "percent_branches_covered_display": "14.29"}, "missing_lines": [53, 55, 57, 59, 61, 62, 64, 65, 66, 67, 68, 69, 70, 71, 72, 73, 75, 76, 78, 79, 83, 86, 87, 91, 101, 103, 104, 105, 107, 111, 112, 113, 114, 115, 116, 117], "excluded_lines": [], "executed_branches": [[39, 40], [110, -1]], "missing_branches": [[39, 46], [64, 65], [64, 86], [66, -51], [66, 67], [68, 69], [68, 78], [103, 104], [103, 107], [104, -94], [104, 105], [110, 111]], "functions": {"build_xfce": {"executed_lines": [], "summary": {"covered_lines": 0, "num_statements": 22, "percent_covered": 0.0, "percent_covered_display": "0.00", "missing_lines": 22, "excluded_lines": 0, "percent_statements_covered": 0.0, "percent_statements_covered_display": "0.00", "num_branches": 6, "num_partial_branches": 0, "covered_branches": 0, "missing_branches": 6, "percent_branches_covered": 0.0, "percent_branches_covered_display": "0.00"}, "missing_lines": [53, 55, 61, 62, 64, 65, 66, 67, 68, 69, 70, 71, 72, 73, 75, 76, 78, 79, 83, 86, 87, 91], "excluded_lines": [], "start_line": 51, "executed_branches": [], "missing_branches": [[64, 65], [64, 86], [66, -51], [66, 67], [68, 69], [68, 78]]}, "build_xfce.get_path": {"executed_lines": [], "summary": {"covered_lines": 0, "num_statements": 2, "percent_covered": 0.0, "percent_covered_display": "0.00", "missing_lines": 2, "excluded_lines": 0, "percent_statements_covered": 0.0, "percent_statements_covered_display": "0.00", "num_branches": 0, "num_partial_branches": 0, "covered_branches": 0, "missing_branches": 0, "percent_branches_covered": 100.0, "percent_branches_covered_display": "100.00"}, "missing_lines": [57, 59], "excluded_lines": [], "start_line": 55, "executed_branches": [], "missing_branches": []}, "main": {"executed_lines": [], "summary": {"covered_lines": 0, "num_statements": 5, "percent_covered": 0.0, "percent_covered_display": "0.00", "missing_lines": 5, "excluded_lines": 0, "percent_statements_covered": 0.0, "percent_statements_covered_display": "0.00", "num_branches": 4, "num_partial_branches": 0, "covered_branches": 0, "missing_branches": 4, "percent_branches_covered": 0.0, "percent_branches_covered_display": "0.00"}, "missing_lines": [101, 103, 104, 105, 107], "excluded_lines": [], "start_line": 94, "executed_branches": [], "missing_branches": [[103, 104], [103, 107], [104, -94], [104, 105]]}, "": {"executed_lines": [13, 14, 15, 16, 17, 19, 21, 22, 37, 38, 39, 40, 44, 46, 47, 48, 51, 94, 110], "summary": {"covered_lines": 19, "num_statements": 26, "percent_covered": 70.0, "percent_covered_display": "70.00", "missing_lines": 7, "excluded_lines": 0, "percent_statements_covered": 73.07692307692308, "percent_statements_covered_display": "73.08", "num_branches": 4, "num_partial_branches": 2, "covered_branches": 2, "missing_branches": 2, "percent_branches_covered": 50.0, "percent_branches_covered_display": "50.00"}, "missing_lines": [111, 112, 113, 114, 115, 116, 117], "excluded_lines": [], "start_line": 1, "executed_branches": [[39, 40], [110, -1]], "missing_branches": [[39, 46], [110, 111]]}}, "classes": {"": {"executed_lines": [13, 14, 15, 16, 17, 19, 21, 22, 37, 38, 39, 40, 44, 46, 47, 48, 51, 94, 110], "summary": {"covered_lines": 19, "num_statements": 55, "percent_covered": 30.434782608695652, "percent_covered_display": "30.43", "missing_lines": 36, "excluded_lines": 0, "percent_statements_covered": 34.54545454545455, "percent_statements_covered_display": "34.55", "num_branches": 14, "num_partial_branches": 2, "covered_branches": 2, "missing_branches": 12, "percent_branches_covered": 14.285714285714286, "percent_branches_covered_display": "14.29"}, "missing_lines": [53, 55, 57, 59, 61, 62, 64, 65, 66, 67, 68, 69, 70, 71, 72, 73, 75, 76, 78, 79, 83, 86, 87, 91, 101, 103, 104, 105, 107, 111, 112, 113, 114, 115, 116, 117], "excluded_lines": [], "start_line": 1, "executed_branches": [[39, 40], [110, -1]], "missing_branches": [[39, 46], [64, 65], [64, 86], [66, -51], [66, 67], [68, 69], [68, 78], [103, 104], [103, 107], [104, -94], [104, 105], [110, 111]]}}}, "src/cappdata.py": {"executed_lines": [12, 13, 14, 17, 142, 154], "summary": {"covered_lines": 6, "num_statements": 47, "percent_covered": 9.23076923076923, "percent_covered_display": "9.23", "missing_lines": 41, "excluded_lines": 0, "percent_statements_covered": 12.76595744680851, "percent_statements_covered_display": "12.77", "num_branches": 18, "num_partial_branches": 0, "covered_branches": 0, "missing_branches": 18, "percent_branches_covered": 0.0, "percent_branches_covered_display": "0.00"}, "missing_lines": [19, 20, 40, 42, 43, 44, 46, 47, 81, 83, 84, 90, 92, 93, 101, 103, 104, 125, 127, 128, 136, 139, 144, 145, 146, 147, 148, 149, 151, 159, 160, 162, 163, 164, 165, 166, 167, 168, 169, 170, 171], "excluded_lines": [], "executed_branches": [], "missing_branches": [[19, 20], [19, 42], [42, 43], [42, 46], [46, 47], [46, 83], [83, 84], [83, 92], [92, 93], [92, 103], [103, 104], [103, 127], [127, 128], [127, 139], [166, 167], [166, 168], [168, 162], [168, 169]], "functions": {"component_list": {"executed_lines": [], "summary": {"covered_lines": 0, "num_statements": 22, "percent_covered": 0.0, "percent_covered_display": "0.00", "missing_lines": 22, "excluded_lines": 0, "percent_statements_covered": 0.0, "percent_statements_covered_display": "0.00", "num_branches": 14, "num_partial_branches": 0, "covered_branches": 0, "missing_branches": 14, "percent_branches_covered": 0.0, "percent_branches_covered_display": "0.00"}, "missing_lines": [19, 20, 40, 42, 43, 44, 46, 47, 81, 83, 84, 90, 92, 93, 101, 103, 104, 125, 127, 128, 136, 139], "excluded_lines": [], "start_line": 17, "executed_branches": [], "missing_branches": [[19, 20], [19, 42], [42, 43], [42, 46], [46, 47], [46, 83], [83, 84], [83, 92], [92, 93], [92, 103], [103, 104], [103, 127], [127, 128], [127, 139]]}, "press_any_key": {"executed_lines": [], "summary": {"covered_lines": 0, "num_statements": 7, "percent_covered": 0.0, "percent_covered_display": "0.00", "missing_lines": 7, "excluded_lines": 0, "percent_statements_covered": 0.0, "percent_statements_covered_display": "0.00", "num_branches": 0, "num_partial_branches": 0, "covered_branches": 0, "missing_branches": 0, "percent_branches_covered": 100.0, "percent_branches_covered_display": "100.00"}, "missing_lines": [144, 145, 146, 147, 148, 149, 151], "excluded_lines": [], "start_line": 142, "executed_branches": [], "missing_branches": []}, "query_yes_no": {"executed_lines": [], "summary": {"covered_lines": 0, "num_statements": 12, "percent_covered": 0.0, "percent_covered_display": "0.00", "missing_lines": 12, "excluded_lines": 0, "percent_statements_covered": 0.0, "percent_statements_covered_display": "0.00", "num_branches": 4, "num_partial_branches": 0, "covered_branches": 0, "missing_branches": 4, "percent_branches_covered": 0.0, "percent_branches_covered_display": "0.00"}, "missing_lines": [159, 160, 162, 163, 164, 165, 166, 167, 168, 169, 170, 171], "excluded_lines": [], "start_line": 154, "executed_branches": [], "missing_branches": [[166, 167], [166, 168], [168, 162], [168, 169]]}, "": {"executed_lines": [12, 13, 14, 17, 142, 154], "summary": {"covered_lines": 6, "num_statements": 6, "percent_covered": 100.0, "percent_covered_display": "100.00", "missing_lines": 0, "excluded_lines": 0, "percent_statements_covered": 100.0, "percent_statements_covered_display": "100.00", "num_branches": 0, "num_partial_branches": 0, "covered_branches": 0, "missing_branches": 0, "percent_branches_covered": 100.0, "percent_branches_covered_display": "100.00"}, "missing_lines": [], "excluded_lines": [], "start_line": 1, "executed_branches": [], "missing_branches": []}}, "classes": {"": {"executed_lines": [12, 13, 14, 17, 142, 154], "summary": {"covered_lines": 6, "num_statements": 47, "percent_covered": 9.23076923076923, "percent_covered_display": "9.23", "missing_lines": 41, "excluded_lines": 0, "percent_statements_covered": 12.76595744680851, "percent_statements_covered_display": "12.77", "num_branches": 18, "num_partial_branches": 0, "covered_branches": 0, "missing_branches": 18, "percent_branches_covered": 0.0, "percent_branches_covered_display": "0.00"}, "missing_lines": [19, 20, 40, 42, 43, 44, 46, 47, 81, 83, 84, 90, 92, 93, 101, 103, 104, 125, 127, 128, 136, 139, 144, 145, 146, 147, 148, 149, 151, 159, 160, 162, 163, 164, 165, 166, 167, 168, 169, 170, 171], "excluded_lines": [], "start_line": 1, "executed_branches": [], "missing_branches": [[19, 20], [19, 42], [42, 43], [42, 46], [46, 47], [46, 83], [83, 84], [83, 92], [92, 93], [92, 103], [103, 104], [103, 127], [127, 128], [127, 139], [166, 167], [166, 168], [168, 162], [168, 169]]}}}, "src/clean_xfce.py": {"executed_lines": [13, 14, 15, 16, 17, 19, 21, 24, 39, 40, 41, 42, 46, 48, 49, 50, 53, 101, 117], "summary": {"covered_lines": 19, "num_statements": 57, "percent_covered": 29.577464788732396, "percent_covered_display": "29.58", "missing_lines": 38, "excluded_lines": 0, "percent_statements_covered": 33.333333333333336, "percent_statements_covered_display": "33.33", "num_branches": 14, "num_partial_branches": 2, "covered_branches": 2, "missing_branches": 12, "percent_branches_covered": 14.285714285714286, "percent_branches_covered_display": "14.29"}, "missing_lines": [55, 57, 59, 61, 63, 64, 66, 67, 68, 69, 70, 71, 72, 73, 75, 76, 77, 78, 82, 83, 85, 86, 90, 93, 94, 98, 108, 110, 111, 112, 114, 118, 119, 120, 121, 122, 123, 124], "excluded_lines": [], "executed_branches": [[41, 42], [117, -1]], "missing_branches": [[41, 48], [66, 67], [66, 93], [68, -53], [68, 69], [70, 71], [70, 85], [110, 111], [110, 114], [111, -101], [111, 112], [117, 118]], "functions": {"clean_xfce": {"executed_lines": [], "summary": {"covered_lines": 0, "num_statements": 24, "percent_covered": 0.0, "percent_covered_display": "0.00", "missing_lines": 24, "excluded_lines": 0, "percent_statements_covered": 0.0, "percent_statements_covered_display": "0.00", "num_branches": 6, "num_partial_branches": 0, "covered_branches": 0, "missing_branches": 6, "percent_branches_covered": 0.0, "percent_branches_covered_display": "0.00"}, "missing_lines": [55, 57, 63, 64, 66, 67, 68, 69, 70, 71, 72, 73, 75, 76, 77, 78, 82, 83, 85, 86, 90, 93, 94, 98], "excluded_lines": [], "start_line": 53, "executed_branches": [], "missing_branches": [[66, 67], [66, 93], [68, -53], [68, 69], [70, 71], [70, 85]]}, "clean_xfce.get_path": {"executed_lines": [], "summary": {"covered_lines": 0, "num_statements": 2, "percent_covered": 0.0, "percent_covered_display": "0.00", "missing_lines": 2, "excluded_lines": 0, "percent_statements_covered": 0.0, "percent_statements_covered_display": "0.00", "num_branches": 0, "num_partial_branches": 0, "covered_branches": 0, "missing_branches": 0, "percent_branches_covered": 100.0, "percent_branches_covered_display": "100.00"}, "missing_lines": [59, 61], "excluded_lines": [], "start_line": 57, "executed_branches": [], "missing_branches": []}, "main": {"executed_lines": [], "summary": {"covered_lines": 0, "num_statements": 5, "percent_covered": 0.0, "percent_covered_display": "0.00", "missing_lines": 5, "excluded_lines": 0, "percent_statements_covered": 0.0, "percent_statements_covered_display": "0.00", "num_branches": 4, "num_partial_branches": 0, "covered_branches": 0, "missing_branches": 4, "percent_branches_covered": 0.0, "percent_branches_covered_display": "0.00"}, "missing_lines": [108, 110, 111, 112, 114], "excluded_lines": [], "start_line": 101, "executed_branches": [], "missing_branches": [[110, 111], [110, 114], [111, -101], [111, 112]]}, "": {"executed_lines": [13, 14, 15, 16, 17, 19, 21, 24, 39, 40, 41, 42, 46, 48, 49, 50, 53, 101, 117], "summary": {"covered_lines": 19, "num_statements": 26, "percent_covered": 70.0, "percent_covered_display": "70.00", "missing_lines": 7, "excluded_lines": 0, "percent_statements_covered": 73.07692307692308, "percent_statements_covered_display": "73.08", "num_branches": 4, "num_partial_branches": 2, "covered_branches": 2, "missing_branches": 2, "percent_branches_covered": 50.0, "percent_branches_covered_display": "50.00"}, "missing_lines": [118, 119, 120, 121, 122, 123, 124], "excluded_lines": [], "start_line": 1, "executed_branches": [[41, 42], [117, -1]], "missing_branches": [[41, 48], [117, 118]]}}, "classes": {"": {"executed_lines": [13, 14, 15, 16, 17, 19, 21, 24, 39, 40, 41, 42, 46, 48, 49, 50, 53, 101, 117], "summary": {"covered_lines": 19, "num_statements": 57, "percent_covered": 29.577464788732396, "percent_covered_display": "29.58", "missing_lines": 38, "excluded_lines": 0, "percent_statements_covered": 33.333333333333336, "percent_statements_covered_display": "33.33", "num_branches": 14, "num_partial_branches": 2, "covered_branches": 2, "missing_branches": 12, "percent_branches_covered": 14.285714285714286, "percent_branches_covered_display": "14.29"}, "missing_lines": [55, 57, 59, 61, 63, 64, 66, 67, 68, 69, 70, 71, 72, 73, 75, 76, 77, 78, 82, 83, 85, 86, 90, 93, 94, 98, 108, 110, 111, 112, 114, 118, 119, 120, 121, 122, 123, 124], "excluded_lines": [], "start_line": 1, "executed_branches": [[41, 42], [117, -1]], "missing_branches": [[41, 48], [66, 67], [66, 93], [68, -53], [68, 69], [70, 71], [70, 85], [110, 111], [110, 114], [111, -101], [111, 112], [117, 118]]}}}, "src/clone_xfce.py": {"executed_lines": [13, 14, 15, 16, 17, 19, 21, 25, 40, 41, 42, 43, 46, 48, 49, 50, 53, 96, 112], "summary": {"covered_lines": 19, "num_statements": 56, "percent_covered": 30.88235294117647, "percent_covered_display": "30.88", "missing_lines": 37, "excluded_lines": 0, "percent_statements_covered": 33.92857142857143, "percent_statements_covered_display": "33.93", "num_branches": 12, "num_partial_branches": 2, "covered_branches": 2, "missing_branches": 10, "percent_branches_covered": 16.666666666666668, "percent_branches_covered_display": "16.67"}, "missing_lines": [55, 57, 59, 61, 63, 65, 66, 68, 69, 71, 72, 73, 74, 75, 77, 78, 80, 81, 82, 83, 84, 86, 87, 89, 93, 103, 105, 106, 107, 109, 113, 114, 115, 116, 117, 118, 119], "excluded_lines": [], "executed_branches": [[42, 43], [112, -1]], "missing_branches": [[42, 48], [71, -53], [71, 72], [73, 74], [73, 77], [105, 106], [105, 109], [106, -96], [106, 107], [112, 113]], "functions": {"clone_xfce": {"executed_lines": [], "summary": {"covered_lines": 0, "num_statements": 23, "percent_covered": 0.0, "percent_covered_display": "0.00", "missing_lines": 23, "excluded_lines": 0, "percent_statements_covered": 0.0, "percent_statements_covered_display": "0.00", "num_branches": 4, "num_partial_branches": 0, "covered_branches": 0, "missing_branches": 4, "percent_branches_covered": 0.0, "percent_branches_covered_display": "0.00"}, "missing_lines": [55, 57, 59, 65, 66, 68, 69, 71, 72, 73, 74, 75, 77, 78, 80, 81, 82, 83, 84, 86, 87, 89, 93], "excluded_lines": [], "start_line": 53, "executed_branches": [], "missing_branches": [[71, -53], [71, 72], [73, 74], [73, 77]]}, "clone_xfce.get_path": {"executed_lines": [], "summary": {"covered_lines": 0, "num_statements": 2, "percent_covered": 0.0, "percent_covered_display": "0.00", "missing_lines": 2, "excluded_lines": 0, "percent_statements_covered": 0.0, "percent_statements_covered_display": "0.00", "num_branches": 0, "num_partial_branches": 0, "covered_branches": 0, "missing_branches": 0, "percent_branches_covered": 100.0, "percent_branches_covered_display": "100.00"}, "missing_lines": [61, 63], "excluded_lines": [], "start_line": 59, "executed_branches": [], "missing_branches": []}, "main": {"executed_lines": [], "summary": {"covered_lines": 0, "num_statements": 5, "percent_covered": 0.0, "percent_covered_display": "0.00", "missing_lines": 5, "excluded_lines": 0, "percent_statements_covered": 0.0, "percent_statements_covered_display": "0.00", "num_branches": 4, "num_partial_branches": 0, "covered_branches": 0, "missing_branches": 4, "percent_branches_covered": 0.0, "percent_branches_covered_display": "0.00"}, "missing_lines": [103, 105, 106, 107, 109], "excluded_lines": [], "start_line": 96, "executed_branches": [], "missing_branches": [[105, 106], [105, 109], [106, -96], [106, 107]]}, "": {"executed_lines": [13, 14, 15, 16, 17, 19, 21, 25, 40, 41, 42, 43, 46, 48, 49, 50, 53, 96, 112], "summary": {"covered_lines": 19, "num_statements": 26, "percent_covered": 70.0, "percent_covered_display": "70.00", "missing_lines": 7, "excluded_lines": 0, "percent_statements_covered": 73.07692307692308, "percent_statements_covered_display": "73.08", "num_branches": 4, "num_partial_branches": 2, "covered_branches": 2, "missing_branches": 2, "percent_branches_covered": 50.0, "percent_branches_covered_display": "50.00"}, "missing_lines": [113, 114, 115, 116, 117, 118, 119], "excluded_lines": [], "start_line": 1, "executed_branches": [[42, 43], [112, -1]], "missing_branches": [[42, 48], [112, 113]]}}, "classes": {"": {"executed_lines": [13, 14, 15, 16, 17, 19, 21, 25, 40, 41, 42, 43, 46, 48, 49, 50, 53, 96, 112], "summary": {"covered_lines": 19, "num_statements": 56, "percent_covered": 30.88235294117647, "percent_covered_display": "30.88", "missing_lines": 37, "excluded_lines": 0, "percent_statements_covered": 33.92857142857143, "percent_statements_covered_display": "33.93", "num_branches": 12, "num_partial_branches": 2, "covered_branches": 2, "missing_branches": 10, "percent_branches_covered": 16.666666666666668, "percent_branches_covered_display": "16.67"}, "missing_lines": [55, 57, 59, 61, 63, 65, 66, 68, 69, 71, 72, 73, 74, 75, 77, 78, 80, 81, 82, 83, 84, 86, 87, 89, 93, 103, 105, 106, 107, 109, 113, 114, 115, 116, 117, 118, 119], "excluded_lines": [], "start_line": 1, "executed_branches": [[42, 43], [112, -1]], "missing_branches": [[42, 48], [71, -53], [71, 72], [73, 74], [73, 77], [105, 106], [105, 109], [106, -96], [106, 107], [112, 113]]}}}, "src/install_xfce.py": {"executed_lines": [13, 14, 15, 16, 18, 20, 23, 38, 39, 40, 41, 45, 48, 100, 116], "summary": {"covered_lines": 15, "num_statements": 55, "percent_covered": 23.943661971830984, "percent_covered_display": "23.94", "missing_lines": 40, "excluded_lines": 0, "percent_statements_covered": 27.272727272727273, "percent_statements_covered_display": "27.27", "num_branches": 16, "num_partial_branches": 2, "covered_branches": 2, "missing_branches": 14, "percent_branches_covered": 12.5, "percent_branches_covered_display": "12.50"}, "missing_lines": [50, 51, 53, 55, 57, 59, 61, 62, 63, 64, 65, 66, 67, 71, 72, 74, 75, 76, 78, 80, 81, 82, 84, 85, 89, 92, 93, 97, 107, 109, 110, 111, 113, 117, 118, 119, 120, 121, 122, 123], "excluded_lines": [], "executed_branches": [[40, 41], [116, -1]], "missing_branches": [[40, 48], [61, 62], [61, 92], [63, -48], [63, 64], [65, 66], [65, 84], [71, 72], [71, 78], [109, 110], [109, 113], [110, -100], [110, 111], [116, 117]], "functions": {"install_xfce": {"executed_lines": [], "summary": {"covered_lines": 0, "num_statements": 26, "percent_covered": 0.0, "percent_covered_display": "0.00", "missing_lines": 26, "excluded_lines": 0, "percent_statements_covered": 0.0, "percent_statements_covered_display": "0.00", "num_branches": 8, "num_partial_branches": 0, "covered_branches": 0, "missing_branches": 8, "percent_branches_covered": 0.0, "percent_branches_covered_display": "0.00"}, "missing_lines": [50, 51, 53, 59, 61, 62, 63, 64, 65, 66, 67, 71, 72, 74, 75, 76, 78, 80, 81, 82, 84, 85, 89, 92, 93, 97], "excluded_lines": [], "start_line": 48, "executed_branches": [], "missing_branches": [[61, 62], [61, 92], [63, -48], [63, 64], [65, 66], [65, 84], [71, 72], [71, 78]]}, "install_xfce.get_path": {"executed_lines": [], "summary": {"covered_lines": 0, "num_statements": 2, "percent_covered": 0.0, "percent_covered_display": "0.00", "missing_lines": 2, "excluded_lines": 0, "percent_statements_covered": 0.0, "percent_statements_covered_display": "0.00", "num_branches": 0, "num_partial_branches": 0, "covered_branches": 0, "missing_branches": 0, "percent_branches_covered": 100.0, "percent_branches_covered_display": "100.00"}, "missing_lines": [55, 57], "excluded_lines": [], "start_line": 53, "executed_branches": [], "missing_branches": []}, "main": {"executed_lines": [], "summary": {"covered_lines": 0, "num_statements": 5, "percent_covered": 0.0, "percent_covered_display": "0.00", "missing_lines": 5, "excluded_lines": 0, "percent_statements_covered": 0.0, "percent_statements_covered_display": "0.00", "num_branches": 4, "num_partial_branches": 0, "covered_branches": 0, "missing_branches": 4, "percent_branches_covered": 0.0, "percent_branches_covered_display": "0.00"}, "missing_lines": [107, 109, 110, 111, 113], "excluded_lines": [], "start_line": 100, "executed_branches": [], "missing_branches": [[109, 110], [109, 113], [110, -100], [110, 111]]}, "": {"executed_lines": [13, 14, 15, 16, 18, 20, 23, 38, 39, 40, 41, 45, 48, 100, 116], "summary": {"covered_lines": 15, "num_statements": 22, "percent_covered": 65.38461538461539, "percent_covered_display": "65.38", "missing_lines": 7, "excluded_lines": 0, "percent_statements_covered": 68.18181818181819, "percent_statements_covered_display": "68.18", "num_branches": 4, "num_partial_branches": 2, "covered_branches": 2, "missing_branches": 2, "percent_branches_covered": 50.0, "percent_branches_covered_display": "50.00"}, "missing_lines": [117, 118, 119, 120, 121, 122, 123], "excluded_lines": [], "start_line": 1, "executed_branches": [[40, 41], [116, -1]], "missing_branches": [[40, 48], [116, 117]]}}, "classes": {"": {"executed_lines": [13, 14, 15, 16, 18, 20, 23, 38, 39, 40, 41, 45, 48, 100, 116], "summary": {"covered_lines": 15, "num_statements": 55, "percent_covered": 23.943661971830984, "percent_covered_display": "23.94", "missing_lines": 40, "excluded_lines": 0, "percent_statements_covered": 27.272727272727273, "percent_statements_covered_display": "27.27", "num_branches": 16, "num_partial_branches": 2, "covered_branches": 2, "missing_branches": 14, "percent_branches_covered": 12.5, "percent_branches_covered_display": "12.50"}, "missing_lines": [50, 51, 53, 55, 57, 59, 61, 62, 63, 64, 65, 66, 67, 71, 72, 74, 75, 76, 78, 80, 81, 82, 84, 85, 89, 92, 93, 97, 107, 109, 110, 111, 113, 117, 118, 119, 120, 121, 122, 123], "excluded_lines": [], "start_line": 1, "executed_branches": [[40, 41], [116, -1]], "missing_branches": [[40, 48], [61, 62], [61, 92], [63, -48], [63, 64], [65, 66], [65, 84], [71, 72], [71, 78], [109, 110], [109, 113], [110, -100], [110, 111], [116, 117]]}}}, "src/pull_xfce.py": {"executed_lines": [13, 14, 15, 16, 18, 20, 24, 39, 40, 41, 42, 46, 49, 96, 112], "summary": {"covered_lines": 15, "num_statements": 52, "percent_covered": 25.757575757575758, "percent_covered_display": "25.76", "missing_lines": 37, "excluded_lines": 0, "percent_statements_covered": 28.846153846153847, "percent_statements_covered_display": "28.85", "num_branches": 14, "num_partial_branches": 2, "covered_branches": 2, "missing_branches": 12, "percent_branches_covered": 14.285714285714286, "percent_branches_covered_display": "14.29"}, "missing_lines": [51, 52, 54, 56, 58, 60, 61, 63, 64, 65, 66, 67, 68, 69, 71, 72, 73, 77, 78, 80, 81, 85, 88, 89, 93, 103, 105, 106, 107, 109, 113, 114, 115, 116, 117, 118, 119], "excluded_lines": [], "executed_branches": [[41, 42], [112, -1]], "missing_branches": [[41, 49], [63, 64], [63, 88], [65, -49], [65, 66], [67, 68], [67, 80], [105, 106], [105, 109], [106, -96], [106, 107], [112, 113]], "functions": {"pull_xfce": {"executed_lines": [], "summary": {"covered_lines": 0, "num_statements": 23, "percent_covered": 0.0, "percent_covered_display": "0.00", "missing_lines": 23, "excluded_lines": 0, "percent_statements_covered": 0.0, "percent_statements_covered_display": "0.00", "num_branches": 6, "num_partial_branches": 0, "covered_branches": 0, "missing_branches": 6, "percent_branches_covered": 0.0, "percent_branches_covered_display": "0.00"}, "missing_lines": [51, 52, 54, 60, 61, 63, 64, 65, 66, 67, 68, 69, 71, 72, 73, 77, 78, 80, 81, 85, 88, 89, 93], "excluded_lines": [], "start_line": 49, "executed_branches": [], "missing_branches": [[63, 64], [63, 88], [65, -49], [65, 66], [67, 68], [67, 80]]}, "pull_xfce.get_path": {"executed_lines": [], "summary": {"covered_lines": 0, "num_statements": 2, "percent_covered": 0.0, "percent_covered_display": "0.00", "missing_lines": 2, "excluded_lines": 0, "percent_statements_covered": 0.0, "percent_statements_covered_display": "0.00", "num_branches": 0, "num_partial_branches": 0, "covered_branches": 0, "missing_branches": 0, "percent_branches_covered": 100.0, "percent_branches_covered_display": "100.00"}, "missing_lines": [56, 58], "excluded_lines": [], "start_line": 54, "executed_branches": [], "missing_branches": []}, "main": {"executed_lines": [], "summary": {"covered_lines": 0, "num_statements": 5, "percent_covered": 0.0, "percent_covered_display": "0.00", "missing_lines": 5, "excluded_lines": 0, "percent_statements_covered": 0.0, "percent_statements_covered_display": "0.00", "num_branches": 4, "num_partial_branches": 0, "covered_branches": 0, "missing_branches": 4, "percent_branches_covered": 0.0, "percent_branches_covered_display": "0.00"}, "missing_lines": [103, 105, 106, 107, 109], "excluded_lines": [], "start_line": 96, "executed_branches": [], "missing_branches": [[105, 106], [105, 109], [106, -96], [106, 107]]}, "": {"executed_lines": [13, 14, 15, 16, 18, 20, 24, 39, 40, 41, 42, 46, 49, 96, 112], "summary": {"covered_lines": 15, "num_statements": 22, "percent_covered": 65.38461538461539, "percent_covered_display": "65.38", "missing_lines": 7, "excluded_lines": 0, "percent_statements_covered": 68.18181818181819, "percent_statements_covered_display": "68.18", "num_branches": 4, "num_partial_branches": 2, "covered_branches": 2, "missing_branches": 2, "percent_branches_covered": 50.0, "percent_branches_covered_display": "50.00"}, "missing_lines": [113, 114, 115, 116, 117, 118, 119], "excluded_lines": [], "start_line": 1, "executed_branches": [[41, 42], [112, -1]], "missing_branches": [[41, 49], [112, 113]]}}, "classes": {"": {"executed_lines": [13, 14, 15, 16, 18, 20, 24, 39, 40, 41, 42, 46, 49, 96, 112], "summary": {"covered_lines": 15, "num_statements": 52, "percent_covered": 25.757575757575758, "percent_covered_display": "25.76", "missing_lines": 37, "excluded_lines": 0, "percent_statements_covered": 28.846153846153847, "percent_statements_covered_display": "28.85", "num_branches": 14, "num_partial_branches": 2, "covered_branches": 2, "missing_branches": 12, "percent_branches_covered": 14.285714285714286, "percent_branches_covered_display": "14.29"}, "missing_lines": [51, 52, 54, 56, 58, 60, 61, 63, 64, 65, 66, 67, 68, 69, 71, 72, 73, 77, 78, 80, 81, 85, 88, 89, 93, 103, 105, 106, 107, 109, 113, 114, 115, 116, 117, 118, 119], "excluded_lines": [], "start_line": 1, "executed_branches": [[41, 42], [112, -1]], "missing_branches": [[41, 49], [63, 64], [63, 88], [65, -49], [65, 66], [67, 68], [67, 80], [105, 106], [105, 109], [106, -96], [106, 107], [112, 113]]}}}, "src/purge_xfce.py": {"executed_lines": [14, 15, 16, 17, 18, 20, 22, 25, 40, 41, 42, 43, 47, 50, 104, 120], "summary": {"covered_lines": 16, "num_statements": 59, "percent_covered": 24.0, "percent_covered_display": "24.00", "missing_lines": 43, "excluded_lines": 0, "percent_statements_covered": 27.11864406779661, "percent_statements_covered_display": "27.12", "num_branches": 16, "num_partial_branches": 2, "covered_branches": 2, "missing_branches": 14, "percent_branches_covered": 12.5, "percent_branches_covered_display": "12.50"}, "missing_lines": [52, 53, 55, 57, 59, 61, 62, 64, 68, 69, 70, 71, 72, 73, 74, 75, 76, 77, 78, 84, 85, 86, 87, 88, 89, 90, 91, 93, 94, 98, 101, 111, 113, 114, 115, 117, 121, 122, 123, 124, 125, 126, 127], "excluded_lines": [], "executed_branches": [[42, 43], [120, -1]], "missing_branches": [[42, 50], [68, 69], [68, 101], [69, 70], [69, 93], [71, 72], [71, 88], [73, 71], [73, 74], [113, 114], [113, 117], [114, -104], [114, 115], [120, 121]], "functions": {"purge_xfce": {"executed_lines": [], "summary": {"covered_lines": 0, "num_statements": 29, "percent_covered": 0.0, "percent_covered_display": "0.00", "missing_lines": 29, "excluded_lines": 0, "percent_statements_covered": 0.0, "percent_statements_covered_display": "0.00", "num_branches": 8, "num_partial_branches": 0, "covered_branches": 0, "missing_branches": 8, "percent_branches_covered": 0.0, "percent_branches_covered_display": "0.00"}, "missing_lines": [52, 53, 55, 61, 62, 64, 68, 69, 70, 71, 72, 73, 74, 75, 76, 77, 78, 84, 85, 86, 87, 88, 89, 90, 91, 93, 94, 98, 101], "excluded_lines": [], "start_line": 50, "executed_branches": [], "missing_branches": [[68, 69], [68, 101], [69, 70], [69, 93], [71, 72], [71, 88], [73, 71], [73, 74]]}, "purge_xfce.get_path": {"executed_lines": [], "summary": {"covered_lines": 0, "num_statements": 2, "percent_covered": 0.0, "percent_covered_display": "0.00", "missing_lines": 2, "excluded_lines": 0, "percent_statements_covered": 0.0, "percent_statements_covered_display": "0.00", "num_branches": 0, "num_partial_branches": 0, "covered_branches": 0, "missing_branches": 0, "percent_branches_covered": 100.0, "percent_branches_covered_display": "100.00"}, "missing_lines": [57, 59], "excluded_lines": [], "start_line": 55, "executed_branches": [], "missing_branches": []}, "main": {"executed_lines": [], "summary": {"covered_lines": 0, "num_statements": 5, "percent_covered": 0.0, "percent_covered_display": "0.00", "missing_lines": 5, "excluded_lines": 0, "percent_statements_covered": 0.0, "percent_statements_covered_display": "0.00", "num_branches": 4, "num_partial_branches": 0, "covered_branches": 0, "missing_branches": 4, "percent_branches_covered": 0.0, "percent_branches_covered_display": "0.00"}, "missing_lines": [111, 113, 114, 115, 117], "excluded_lines": [], "start_line": 104, "executed_branches": [], "missing_branches": [[113, 114], [113, 117], [114, -104], [114, 115]]}, "": {"executed_lines": [14, 15, 16, 17, 18, 20, 22, 25, 40, 41, 42, 43, 47, 50, 104, 120], "summary": {"covered_lines": 16, "num_statements": 23, "percent_covered": 66.66666666666667, "percent_covered_display": "66.67", "missing_lines": 7, "excluded_lines": 0, "percent_statements_covered": 69.56521739130434, "percent_statements_covered_display": "69.57", "num_branches": 4, "num_partial_branches": 2, "covered_branches": 2, "missing_branches": 2, "percent_branches_covered": 50.0, "percent_branches_covered_display": "50.00"}, "missing_lines": [121, 122, 123, 124, 125, 126, 127], "excluded_lines": [], "start_line": 1, "executed_branches": [[42, 43], [120, -1]], "missing_branches": [[42, 50], [120, 121]]}}, "classes": {"": {"executed_lines": [14, 15, 16, 17, 18, 20, 22, 25, 40, 41, 42, 43, 47, 50, 104, 120], "summary": {"covered_lines": 16, "num_statements": 59, "percent_covered": 24.0, "percent_covered_display": "24.00", "missing_lines": 43, "excluded_lines": 0, "percent_statements_covered": 27.11864406779661, "percent_statements_covered_display": "27.12", "num_branches": 16, "num_partial_branches": 2, "covered_branches": 2, "missing_branches": 14, "percent_branches_covered": 12.5, "percent_branches_covered_display": "12.50"}, "missing_lines": [52, 53, 55, 57, 59, 61, 62, 64, 68, 69, 70, 71, 72, 73, 74, 75, 76, 77, 78, 84, 85, 86, 87, 88, 89, 90, 91, 93, 94, 98, 101, 111, 113, 114, 115, 117, 121, 122, 123, 124, 125, 126, 127], "excluded_lines": [], "start_line": 1, "executed_branches": [[42, 43], [120, -1]], "missing_branches": [[42, 50], [68, 69], [68, 101], [69, 70], [69, 93], [71, 72], [71, 88], [73, 71], [73, 74], [113, 114], [113, 117], [114, -104], [114, 115], [120, 121]]}}}, "src/xfrepos.py": {"executed_lines": [], "summary": {"covered_lines": 0, "num_statements": 74, "percent_covered": 0.0, "percent_covered_display": "0.00", "missing_lines": 74, "excluded_lines": 0, "percent_statements_covered": 0.0, "percent_statements_covered_display": "0.00", "num_branches": 18, "num_partial_branches": 0, "covered_branches": 0, "missing_branches": 18, "percent_branches_covered": 0.0, "percent_branches_covered_display": "0.00"}, "missing_lines": [13, 14, 15, 16, 18, 20, 75, 76, 79, 81, 82, 83, 84, 85, 86, 87, 88, 89, 90, 91, 92, 93, 94, 95, 97, 98, 99, 101, 102, 103, 104, 105, 108, 110, 111, 112, 113, 114, 115, 116, 118, 119, 120, 121, 122, 123, 124, 125, 126, 127, 129, 130, 131, 132, 133, 135, 136, 137, 139, 140, 141, 142, 143, 144, 145, 146, 147, 150, 151, 152, 153, 154, 155, 156], "excluded_lines": [], "executed_branches": [], "missing_branches": [[87, 88], [87, 89], [93, 94], [93, 97], [97, 98], [97, 101], [115, 116], [115, 118], [126, 127], [126, 129], [129, 130], [129, 132], [132, 133], [132, 135], [136, 137], [136, 139], [150, -1], [150, 151]], "functions": {"main_menu": {"executed_lines": [], "summary": {"covered_lines": 0, "num_statements": 23, "percent_covered": 0.0, "percent_covered_display": "0.00", "missing_lines": 23, "excluded_lines": 0, "percent_statements_covered": 0.0, "percent_statements_covered_display": "0.00", "num_branches": 6, "num_partial_branches": 0, "covered_branches": 0, "missing_branches": 6, "percent_branches_covered": 0.0, "percent_branches_covered_display": "0.00"}, "missing_lines": [81, 82, 83, 84, 85, 86, 87, 88, 89, 90, 91, 92, 93, 94, 95, 97, 98, 99, 101, 102, 103, 104, 105], "excluded_lines": [], "start_line": 79, "executed_branches": [], "missing_branches": [[87, 88], [87, 89], [93, 94], [93, 97], [97, 98], [97, 101]]}, "sub_menus": {"executed_lines": [], "summary": {"covered_lines": 0, "num_statements": 34, "percent_covered": 0.0, "percent_covered_display": "0.00", "missing_lines": 34, "excluded_lines": 0, "percent_statements_covered": 0.0, "percent_statements_covered_display": "0.00", "num_branches": 10, "num_partial_branches": 0, "covered_branches": 0, "missing_branches": 10, "percent_branches_covered": 0.0, "percent_branches_covered_display": "0.00"}, "missing_lines": [110, 111, 112, 113, 114, 115, 116, 118, 119, 120, 121, 122, 123, 124, 125, 126, 127, 129, 130, 131, 132, 133, 135, 136, 137, 139, 140, 141, 142, 143, 144, 145, 146, 147], "excluded_lines": [], "start_line": 108, "executed_branches": [], "missing_branches": [[115, 116], [115, 118], [126, 127], [126, 129], [129, 130], [129, 132], [132, 133], [132, 135], [136, 137], [136, 139]]}, "": {"executed_lines": [], "summary": {"covered_lines": 0, "num_statements": 17, "percent_covered": 0.0, "percent_covered_display": "0.00", "missing_lines": 17, "excluded_lines": 0, "percent_statements_covered": 0.0, "percent_statements_covered_display": "0.00", "num_branches": 2, "num_partial_branches": 0, "covered_branches": 0, "missing_branches": 2, "percent_branches_covered": 0.0, "percent_branches_covered_display": "0.00"}, "missing_lines": [13, 14, 15, 16, 18, 20, 75, 76, 79, 108, 150, 151, 152, 153, 154, 155, 156], "excluded_lines": [], "start_line": 1, "executed_branches": [], "missing_branches": [[150, -1], [150, 151]]}}, "classes": {"": {"executed_lines": [], "summary": {"covered_lines": 0, "num_statements": 74, "percent_covered": 0.0, "percent_covered_display": "0.00", "missing_lines": 74, "excluded_lines": 0, "percent_statements_covered": 0.0, "percent_statements_covered_display": "0.00", "num_branches": 18, "num_partial_branches": 0, "covered_branches": 0, "missing_branches": 18, "percent_branches_covered": 0.0, "percent_branches_covered_display": "0.00"}, "missing_lines": [13, 14, 15, 16, 18, 20, 75, 76, 79, 81, 82, 83, 84, 85, 86, 87, 88, 89, 90, 91, 92, 93, 94, 95, 97, 98, 99, 101, 102, 103, 104, 105, 108, 110, 111, 112, 113, 114, 115, 116, 118, 119, 120, 121, 122, 123, 124, 125, 126, 127, 129, 130, 131, 132, 133, 135, 136, 137, 139, 140, 141, 142, 143, 144, 145, 146, 147, 150, 151, 152, 153, 154, 155, 156], "excluded_lines": [], "start_line": 1, "executed_branches": [], "missing_branches": [[87, 88], [87, 89], [93, 94], [93, 97], [97, 98], [97, 101], [115, 116], [115, 118], [126, 127], [126, 129], [129, 130], [129, 132], [132, 133], [132, 135], [136, 137], [136, 139], [150, -1], [150, 151]]}}}}, "totals": {"covered_lines": 109, "num_statements": 455, "percent_covered": 20.97053726169844, "percent_covered_display": "20.97", "missing_lines": 346, "excluded_lines": 0, "percent_statements_covered": 23.956043956043956, "percent_statements_covered_display": "23.96", "num_branches": 122, "num_partial_branches": 12, "covered_branches": 12, "missing_branches": 110, "percent_branches_covered": 9.836065573770492, "percent_branches_covered_display": "9.84"}}