{"meta": {"format": 3, "version": "7.15.4", "timestamp": "2026-08-28T11:59:28.292785", "branch_coverage": true, "show_contexts": false}, "files": {"src/build_xfce.py": {"executed_lines": [13, 14, 15, 16, 17, 19, 21, 24, 39, 40, 41, 42, 46, 48, 49, 50, 53, 96, 114], "summary": {"covered_lines": 19, "num_statements": 55, "percent_covered": 30.434782608695652, "percent_covered_display": "30.43", "missing_lines": 36, "excluded_lines": 0, "percent_statements_covered": 34.54545454545455, "percent_statements_covered_display": "34.55", "num_branches": 14, "num_partial_branches": 2, "covered_branches": 2, "missing_branches": 12, "percent_branches_covered": 14.285714285714286, "percent_branches_covered_display": "14.29"}, "missing_lines": [55, 57, 59, 61, 63, 64, 66, 67, 68, 69, 70, 71, 72, 73, 74, 75, 77, 78, 80, 81, 85, 88, 89, 93, 103, 105, 106, 107, 109, 115, 116, 117, 118, 119, 120, 121], "excluded_lines": [], "executed_branches": [[41, 42], [114, -1]], "missing_branches": [[41, 48], [66, 67], [66, 88], [68, -53], [68, 69], [70, 71], [70, 80], [105, 106], [105, 109], [106, -96], [106, 107], [114, 115]], "functions": {"build_xfce": {"executed_lines": [], "summary": {"covered_lines": 0, "num_statements": 22, "percent_covered": 0.0, "percent_covered_display": "0.00", "missing_lines": 22, "excluded_lines": 0, "percent_statements_covered": 0.0, "percent_statements_covered_display": "0.00", "num_branches": 6, "num_partial_branches": 0, "covered_branches": 0, "missing_branches": 6, "percent_branches_covered": 0.0, "percent_branches_covered_display": "0.00"}, "missing_lines": [55, 57, 63, 64, 66, 67, 68, 69, 70, 71, 72, 73, 74, 75, 77, 78, 80, 81, 85, 88, 89, 93], "excluded_lines": [], "start_line": 53, "executed_branches": [], "missing_branches": [[66, 67], [66, 88], [68, -53], [68, 69], [70, 71], [70, 80]]}, "build_xfce.get_path": {"executed_lines": [], "summary": {"covered_lines": 0, "num_statements": 2, "percent_covered": 0.0, "percent_covered_display": "0.00", "missing_lines": 2, "excluded_lines": 0, "percent_statements_covered": 0.0, "percent_statements_covered_display": "0.00", "num_branches": 0, "num_partial_branches": 0, "covered_branches": 0, "missing_branches": 0, "percent_branches_covered": 100.0, "percent_branches_covered_display": "100.00"}, "missing_lines": [59, 61], "excluded_lines": [], "start_line": 57, "executed_branches": [], "missing_branches": []}, "main": {"executed_lines": [], "summary": {"covered_lines": 0, "num_statements": 5, "percent_covered": 0.0, "percent_covered_display": "0.00", "missing_lines": 5, "excluded_lines": 0, "percent_statements_covered": 0.0, "percent_statements_covered_display": "0.00", "num_branches": 4, "num_partial_branches": 0, "covered_branches": 0, "missing_branches": 4, "percent_branches_covered": 0.0, "percent_branches_covered_display": "0.00"}, "missing_lines": [103, 105, 106, 107, 109], "excluded_lines": [], "start_line": 96, "executed_branches": [], "missing_branches": [[105, 106], [105, 109], [106, -96], [106, 107]]}, "": {"executed_lines": [13, 14, 15, 16, 17, 19, 21, 24, 39, 40, 41, 42, 46, 48, 49, 50, 53, 96, 114], "summary": {"covered_lines": 19, "num_statements": 26, "percent_covered": 70.0, "percent_covered_display": "70.00", "missing_lines": 7, "excluded_lines": 0, "percent_statements_covered": 73.07692307692308, "percent_statements_covered_display": "73.08", "num_branches": 4, "num_partial_branches": 2, "covered_branches": 2, "missing_branches": 2, "percent_branches_covered": 50.0, "percent_branches_covered_display": "50.00"}, "missing_lines": [115, 116, 117, 118, 119, 120, 121], "excluded_lines": [], "start_line": 1, "executed_branches": [[41, 42], [114, -1]], "missing_branches": [[41, 48], [114, 115]]}}, "classes": {"": {"executed_lines": [13, 14, 15, 16, 17, 19, 21, 24, 39, 40, 41, 42, 46, 48, 49, 50, 53, 96, 114], "summary": {"covered_lines": 19, "num_statements": 55, "percent_covered": 30.434782608695652, "percent_covered_display": "30.43", "missing_lines": 36, "excluded_lines": 0, "percent_statements_covered": 34.54545454545455, "percent_statements_covered_display": "34.55", "num_branches": 14, "num_partial_branches": 2, "covered_branches": 2, "missing_branches": 12, "percent_branches_covered": 14.285714285714286, "percent_branches_covered_display": "14.29"}, "missing_lines": [55, 57, 59, 61, 63, 64, 66, 67, 68, 69, 70, 71, 72, 73, 74, 75, 77, 78, 80, 81, 85, 88, 89, 93, 103, 105, 106, 107, 109, 115, 116, 117, 118, 119, 120, 121], "excluded_lines": [], "start_line": 1, "executed_branches": [[41, 42], [114, -1]], "missing_branches": [[41, 48], [66, 67], [66, 88], [68, -53], [68, 69], [70, 71], [70, 80], [105, 106], [105, 109], [106, -96], [106, 107], [114, 115]]}}}, "src/cappdata.py": {"executed_lines": [12, 13, 14, 17, 146, 158], "summary": {"covered_lines": 6, "num_statements": 47, "percent_covered": 9.23076923076923, "percent_covered_display": "9.23", "missing_lines": 41, "excluded_lines": 0, "percent_statements_covered": 12.76595744680851, "percent_statements_covered_display": "12.77", "num_branches": 18, "num_partial_branches": 0, "covered_branches": 0, "missing_branches": 18, "percent_branches_covered": 0.0, "percent_branches_covered_display": "0.00"}, "missing_lines": [19, 20, 40, 42, 43, 48, 50, 51, 85, 87, 88, 94, 96, 97, 105, 107, 108, 129, 131, 132, 140, 143, 148, 149, 150, 151, 152, 153, 155, 163, 164, 166, 167, 168, 169, 170, 171, 172, 173, 174, 175], "excluded_lines": [], "executed_branches": [], "missing_branches": [[19, 20], [19, 42], [42, 43], [42, 50], [50, 51], [50, 87], [87, 88], [87, 96], [96, 97], [96, 107], [107, 108], [107, 131], [131, 132], [131, 143], [170, 171], [170, 172], [172, 166], [172, 173]], "functions": {"component_list": {"executed_lines": [], "summary": {"covered_lines": 0, "num_statements": 22, "percent_covered": 0.0, "percent_covered_display": "0.00", "missing_lines": 22, "excluded_lines": 0, "percent_statements_covered": 0.0, "percent_statements_covered_display": "0.00", "num_branches": 14, "num_partial_branches": 0, "covered_branches": 0, "missing_branches": 14, "percent_branches_covered": 0.0, "percent_branches_covered_display": "0.00"}, "missing_lines": [19, 20, 40, 42, 43, 48, 50, 51, 85, 87, 88, 94, 96, 97, 105, 107, 108, 129, 131, 132, 140, 143], "excluded_lines": [], "start_line": 17, "executed_branches": [], "missing_branches": [[19, 20], [19, 42], [42, 43], [42, 50], [50, 51], [50, 87], [87, 88], [87, 96], [96, 97], [96, 107], [107, 108], [107, 131], [131, 132], [131, 143]]}, "press_any_key": {"executed_lines": [], "summary": {"covered_lines": 0, "num_statements": 7, "percent_covered": 0.0, "percent_covered_display": "0.00", "missing_lines": 7, "excluded_lines": 0, "percent_statements_covered": 0.0, "percent_statements_covered_display": "0.00", "num_branches": 0, "num_partial_branches": 0, "covered_branches": 0, "missing_branches": 0, "percent_branches_covered": 100.0, "percent_branches_covered_display": "100.00"}, "missing_lines": [148, 149, 150, 151, 152, 153, 155], "excluded_lines": [], "start_line": 146, "executed_branches": [], "missing_branches": []}, "query_yes_no": {"executed_lines": [], "summary": {"covered_lines": 0, "num_statements": 12, "percent_covered": 0.0, "percent_covered_display": "0.00", "missing_lines": 12, "excluded_lines": 0, "percent_statements_covered": 0.0, "percent_statements_covered_display": "0.00", "num_branches": 4, "num_partial_branches": 0, "covered_branches": 0, "missing_branches": 4, "percent_branches_covered": 0.0, "percent_branches_covered_display": "0.00"}, "missing_lines": [163, 164, 166, 167, 168, 169, 170, 171, 172, 173, 174, 175], "excluded_lines": [], "start_line": 158, "executed_branches": [], "missing_branches": [[170, 171], [170, 172], [172, 166], [172, 173]]}, "": {"executed_lines": [12, 13, 14, 17, 146, 158], "summary": {"covered_lines": 6, "num_statements": 6, "percent_covered": 100.0, "percent_covered_display": "100.00", "missing_lines": 0, "excluded_lines": 0, "percent_statements_covered": 100.0, "percent_statements_covered_display": "100.00", "num_branches": 0, "num_partial_branches": 0, "covered_branches": 0, "missing_branches": 0, "percent_branches_covered": 100.0, "percent_branches_covered_display": "100.00"}, "missing_lines": [], "excluded_lines": [], "start_line": 1, "executed_branches": [], "missing_branches": []}}, "classes": {"": {"executed_lines": [12, 13, 14, 17, 146, 158], "summary": {"covered_lines": 6, "num_statements": 47, "percent_covered": 9.23076923076923, "percent_covered_display": "9.23", "missing_lines": 41, "excluded_lines": 0, "percent_statements_covered": 12.76595744680851, "percent_statements_covered_display": "12.77", "num_branches": 18, "num_partial_branches": 0, "covered_branches": 0, "missing_branches": 18, "percent_branches_covered": 0.0, "percent_branches_covered_display": "0.00"}, "missing_lines": [19, 20, 40, 42, 43, 48, 50, 51, 85, 87, 88, 94, 96, 97, 105, 107, 108, 129, 131, 132, 140, 143, 148, 149, 150, 151, 152, 153, 155, 163, 164, 166, 167, 168, 169, 170, 171, 172, 173, 174, 175], "excluded_lines": [], "start_line": 1, "executed_branches": [], "missing_branches": [[19, 20], [19, 42], [42, 43], [42, 50], [50, 51], [50, 87], [87, 88], [87, 96], [96, 97], [96, 107], [107, 108], [107, 131], [131, 132], [131, 143], [170, 171], [170, 172], [172, 166], [172, 173]]}}}, "src/clean_xfce.py": {"executed_lines": [13, 14, 15, 16, 17, 19, 21, 24, 39, 40, 41, 42, 46, 48, 49, 50, 53, 101, 119], "summary": {"covered_lines": 19, "num_statements": 57, "percent_covered": 29.577464788732396, "percent_covered_display": "29.58", "missing_lines": 38, "excluded_lines": 0, "percent_statements_covered": 33.333333333333336, "percent_statements_covered_display": "33.33", "num_branches": 14, "num_partial_branches": 2, "covered_branches": 2, "missing_branches": 12, "percent_branches_covered": 14.285714285714286, "percent_branches_covered_display": "14.29"}, "missing_lines": [55, 57, 59, 61, 63, 64, 66, 67, 68, 69, 70, 71, 72, 73, 75, 76, 77, 78, 82, 83, 85, 86, 90, 93, 94, 98, 108, 110, 111, 112, 114, 120, 121, 122, 123, 124, 125, 126], "excluded_lines": [], "executed_branches": [[41, 42], [119, -1]], "missing_branches": [[41, 48], [66, 67], [66, 93], [68, -53], [68, 69], [70, 71], [70, 85], [110, 111], [110, 114], [111, -101], [111, 112], [119, 120]], "functions": {"clean_xfce": {"executed_lines": [], "summary": {"covered_lines": 0, "num_statements": 24, "percent_covered": 0.0, "percent_covered_display": "0.00", "missing_lines": 24, "excluded_lines": 0, "percent_statements_covered": 0.0, "percent_statements_covered_display": "0.00", "num_branches": 6, "num_partial_branches": 0, "covered_branches": 0, "missing_branches": 6, "percent_branches_covered": 0.0, "percent_branches_covered_display": "0.00"}, "missing_lines": [55, 57, 63, 64, 66, 67, 68, 69, 70, 71, 72, 73, 75, 76, 77, 78, 82, 83, 85, 86, 90, 93, 94, 98], "excluded_lines": [], "start_line": 53, "executed_branches": [], "missing_branches": [[66, 67], [66, 93], [68, -53], [68, 69], [70, 71], [70, 85]]}, "clean_xfce.get_path": {"executed_lines": [], "summary": {"covered_lines": 0, "num_statements": 2, "percent_covered": 0.0, "percent_covered_display": "0.00", "missing_lines": 2, "excluded_lines": 0, "percent_statements_covered": 0.0, "percent_statements_covered_display": "0.00", "num_branches": 0, "num_partial_branches": 0, "covered_branches": 0, "missing_branches": 0, "percent_branches_covered": 100.0, "percent_branches_covered_display": "100.00"}, "missing_lines": [59, 61], "excluded_lines": [], "start_line": 57, "executed_branches": [], "missing_branches": []}, "main": {"executed_lines": [], "summary": {"covered_lines": 0, "num_statements": 5, "percent_covered": 0.0, "percent_covered_display": "0.00", "missing_lines": 5, "excluded_lines": 0, "percent_statements_covered": 0.0, "percent_statements_covered_display": "0.00", "num_branches": 4, "num_partial_branches": 0, "covered_branches": 0, "missing_branches": 4, "percent_branches_covered": 0.0, "percent_branches_covered_display": "0.00"}, "missing_lines": [108, 110, 111, 112, 114], "excluded_lines": [], "start_line": 101, "executed_branches": [], "missing_branches": [[110, 111], [110, 114], [111, -101], [111, 112]]}, "": {"executed_lines": [13, 14, 15, 16, 17, 19, 21, 24, 39, 40, 41, 42, 46, 48, 49, 50, 53, 101, 119], "summary": {"covered_lines": 19, "num_statements": 26, "percent_covered": 70.0, "percent_covered_display": "70.00", "missing_lines": 7, "excluded_lines": 0, "percent_statements_covered": 73.07692307692308, "percent_statements_covered_display": "73.08", "num_branches": 4, "num_partial_branches": 2, "covered_branches": 2, "missing_branches": 2, "percent_branches_covered": 50.0, "percent_branches_covered_display": "50.00"}, "missing_lines": [120, 121, 122, 123, 124, 125, 126], "excluded_lines": [], "start_line": 1, "executed_branches": [[41, 42], [119, -1]], "missing_branches": [[41, 48], [119, 120]]}}, "classes": {"": {"executed_lines": [13, 14, 15, 16, 17, 19, 21, 24, 39, 40, 41, 42, 46, 48, 49, 50, 53, 101, 119], "summary": {"covered_lines": 19, "num_statements": 57, "percent_covered": 29.577464788732396, "percent_covered_display": "29.58", "missing_lines": 38, "excluded_lines": 0, "percent_statements_covered": 33.333333333333336, "percent_statements_covered_display": "33.33", "num_branches": 14, "num_partial_branches": 2, "covered_branches": 2, "missing_branches": 12, "percent_branches_covered": 14.285714285714286, "percent_branches_covered_display": "14.29"}, "missing_lines": [55, 57, 59, 61, 63, 64, 66, 67, 68, 69, 70, 71, 72, 73, 75, 76, 77, 78, 82, 83, 85, 86, 90, 93, 94, 98, 108, 110, 111, 112, 114, 120, 121, 122, 123, 124, 125, 126], "excluded_lines": [], "start_line": 1, "executed_branches": [[41, 42], [119, -1]], "missing_branches": [[41, 48], [66, 67], [66, 93], [68, -53], [68, 69], [70, 71], [70, 85], [110, 111], [110, 114], [111, -101], [111, 112], [119, 120]]}}}, "src/clone_xfce.py": {"executed_lines": [13, 14, 15, 16, 17, 19, 21, 25, 41, 42, 43, 44, 48, 50, 51, 52, 55, 98, 116], "summary": {"covered_lines": 19, "num_statements": 56, "percent_covered": 30.88235294117647, "percent_covered_display": "30.88", "missing_lines": 37, "excluded_lines": 0, "percent_statements_covered": 33.92857142857143, "percent_statements_covered_display": "33.93", "num_branches": 12, "num_partial_branches": 2, "covered_branches": 2, "missing_branches": 10, "percent_branches_covered": 16.666666666666668, "percent_branches_covered_display": "16.67"}, "missing_lines": [57, 59, 61, 63, 65, 67, 68, 70, 71, 73, 74, 75, 76, 77, 79, 80, 82, 83, 84, 85, 86, 88, 89, 91, 95, 105, 107, 108, 109, 111, 117, 118, 119, 120, 121, 122, 123], "excluded_lines": [], "executed_branches": [[43, 44], [116, -1]], "missing_branches": [[43, 50], [73, -55], [73, 74], [75, 76], [75, 79], [107, 108], [107, 111], [108, -98], [108, 109], [116, 117]], "functions": {"clone_xfce": {"executed_lines": [], "summary": {"covered_lines": 0, "num_statements": 23, "percent_covered": 0.0, "percent_covered_display": "0.00", "missing_lines": 23, "excluded_lines": 0, "percent_statements_covered": 0.0, "percent_statements_covered_display": "0.00", "num_branches": 4, "num_partial_branches": 0, "covered_branches": 0, "missing_branches": 4, "percent_branches_covered": 0.0, "percent_branches_covered_display": "0.00"}, "missing_lines": [57, 59, 61, 67, 68, 70, 71, 73, 74, 75, 76, 77, 79, 80, 82, 83, 84, 85, 86, 88, 89, 91, 95], "excluded_lines": [], "start_line": 55, "executed_branches": [], "missing_branches": [[73, -55], [73, 74], [75, 76], [75, 79]]}, "clone_xfce.get_path": {"executed_lines": [], "summary": {"covered_lines": 0, "num_statements": 2, "percent_covered": 0.0, "percent_covered_display": "0.00", "missing_lines": 2, "excluded_lines": 0, "percent_statements_covered": 0.0, "percent_statements_covered_display": "0.00", "num_branches": 0, "num_partial_branches": 0, "covered_branches": 0, "missing_branches": 0, "percent_branches_covered": 100.0, "percent_branches_covered_display": "100.00"}, "missing_lines": [63, 65], "excluded_lines": [], "start_line": 61, "executed_branches": [], "missing_branches": []}, "main": {"executed_lines": [], "summary": {"covered_lines": 0, "num_statements": 5, "percent_covered": 0.0, "percent_covered_display": "0.00", "missing_lines": 5, "excluded_lines": 0, "percent_statements_covered": 0.0, "percent_statements_covered_display": "0.00", "num_branches": 4, "num_partial_branches": 0, "covered_branches": 0, "missing_branches": 4, "percent_branches_covered": 0.0, "percent_branches_covered_display": "0.00"}, "missing_lines": [105, 107, 108, 109, 111], "excluded_lines": [], "start_line": 98, "executed_branches": [], "missing_branches": [[107, 108], [107, 111], [108, -98], [108, 109]]}, "": {"executed_lines": [13, 14, 15, 16, 17, 19, 21, 25, 41, 42, 43, 44, 48, 50, 51, 52, 55, 98, 116], "summary": {"covered_lines": 19, "num_statements": 26, "percent_covered": 70.0, "percent_covered_display": "70.00", "missing_lines": 7, "excluded_lines": 0, "percent_statements_covered": 73.07692307692308, "percent_statements_covered_display": "73.08", "num_branches": 4, "num_partial_branches": 2, "covered_branches": 2, "missing_branches": 2, "percent_branches_covered": 50.0, "percent_branches_covered_display": "50.00"}, "missing_lines": [117, 118, 119, 120, 121, 122, 123], "excluded_lines": [], "start_line": 1, "executed_branches": [[43, 44], [116, -1]], "missing_branches": [[43, 50], [116, 117]]}}, "classes": {"": {"executed_lines": [13, 14, 15, 16, 17, 19, 21, 25, 41, 42, 43, 44, 48, 50, 51, 52, 55, 98, 116], "summary": {"covered_lines": 19, "num_statements": 56, "percent_covered": 30.88235294117647, "percent_covered_display": "30.88", "missing_lines": 37, "excluded_lines": 0, "percent_statements_covered": 33.92857142857143, "percent_statements_covered_display": "33.93", "num_branches": 12, "num_partial_branches": 2, "covered_branches": 2, "missing_branches": 10, "percent_branches_covered": 16.666666666666668, "percent_branches_covered_display": "16.67"}, "missing_lines": [57, 59, 61, 63, 65, 67, 68, 70, 71, 73, 74, 75, 76, 77, 79, 80, 82, 83, 84, 85, 86, 88, 89, 91, 95, 105, 107, 108, 109, 111, 117, 118, 119, 120, 121, 122, 123], "excluded_lines": [], "start_line": 1, "executed_branches": [[43, 44], [116, -1]], "missing_branches": [[43, 50], [73, -55], [73, 74], [75, 76], [75, 79], [107, 108], [107, 111], [108, -98], [108, 109], [116, 117]]}}}, "src/install_xfce.py": {"executed_lines": [13, 14, 15, 16, 18, 20, 24, 40, 41, 42, 43, 47, 50, 102, 120], "summary": {"covered_lines": 15, "num_statements": 55, "percent_covered": 23.943661971830984, "percent_covered_display": "23.94", "missing_lines": 40, "excluded_lines": 0, "percent_statements_covered": 27.272727272727273, "percent_statements_covered_display": "27.27", "num_branches": 16, "num_partial_branches": 2, "covered_branches": 2, "missing_branches": 14, "percent_branches_covered": 12.5, "percent_branches_covered_display": "12.50"}, "missing_lines": [52, 53, 55, 57, 59, 61, 63, 64, 65, 66, 67, 68, 69, 73, 74, 76, 77, 78, 80, 82, 83, 84, 86, 87, 91, 94, 95, 99, 109, 111, 112, 113, 115, 121, 122, 123, 124, 125, 126, 127], "excluded_lines": [], "executed_branches": [[42, 43], [120, -1]], "missing_branches": [[42, 50], [63, 64], [63, 94], [65, -50], [65, 66], [67, 68], [67, 86], [73, 74], [73, 80], [111, 112], [111, 115], [112, -102], [112, 113], [120, 121]], "functions": {"install_xfce": {"executed_lines": [], "summary": {"covered_lines": 0, "num_statements": 26, "percent_covered": 0.0, "percent_covered_display": "0.00", "missing_lines": 26, "excluded_lines": 0, "percent_statements_covered": 0.0, "percent_statements_covered_display": "0.00", "num_branches": 8, "num_partial_branches": 0, "covered_branches": 0, "missing_branches": 8, "percent_branches_covered": 0.0, "percent_branches_covered_display": "0.00"}, "missing_lines": [52, 53, 55, 61, 63, 64, 65, 66, 67, 68, 69, 73, 74, 76, 77, 78, 80, 82, 83, 84, 86, 87, 91, 94, 95, 99], "excluded_lines": [], "start_line": 50, "executed_branches": [], "missing_branches": [[63, 64], [63, 94], [65, -50], [65, 66], [67, 68], [67, 86], [73, 74], [73, 80]]}, "install_xfce.get_path": {"executed_lines": [], "summary": {"covered_lines": 0, "num_statements": 2, "percent_covered": 0.0, "percent_covered_display": "0.00", "missing_lines": 2, "excluded_lines": 0, "percent_statements_covered": 0.0, "percent_statements_covered_display": "0.00", "num_branches": 0, "num_partial_branches": 0, "covered_branches": 0, "missing_branches": 0, "percent_branches_covered": 100.0, "percent_branches_covered_display": "100.00"}, "missing_lines": [57, 59], "excluded_lines": [], "start_line": 55, "executed_branches": [], "missing_branches": []}, "main": {"executed_lines": [], "summary": {"covered_lines": 0, "num_statements": 5, "percent_covered": 0.0, "percent_covered_display": "0.00", "missing_lines": 5, "excluded_lines": 0, "percent_statements_covered": 0.0, "percent_statements_covered_display": "0.00", "num_branches": 4, "num_partial_branches": 0, "covered_branches": 0, "missing_branches": 4, "percent_branches_covered": 0.0, "percent_branches_covered_display": "0.00"}, "missing_lines": [109, 111, 112, 113, 115], "excluded_lines": [], "start_line": 102, "executed_branches": [], "missing_branches": [[111, 112], [111, 115], [112, -102], [112, 113]]}, "": {"executed_lines": [13, 14, 15, 16, 18, 20, 24, 40, 41, 42, 43, 47, 50, 102, 120], "summary": {"covered_lines": 15, "num_statements": 22, "percent_covered": 65.38461538461539, "percent_covered_display": "65.38", "missing_lines": 7, "excluded_lines": 0, "percent_statements_covered": 68.18181818181819, "percent_statements_covered_display": "68.18", "num_branches": 4, "num_partial_branches": 2, "covered_branches": 2, "missing_branches": 2, "percent_branches_covered": 50.0, "percent_branches_covered_display": "50.00"}, "missing_lines": [121, 122, 123, 124, 125, 126, 127], "excluded_lines": [], "start_line": 1, "executed_branches": [[42, 43], [120, -1]], "missing_branches": [[42, 50], [120, 121]]}}, "classes": {"": {"executed_lines": [13, 14, 15, 16, 18, 20, 24, 40, 41, 42, 43, 47, 50, 102, 120], "summary": {"covered_lines": 15, "num_statements": 55, "percent_covered": 23.943661971830984, "percent_covered_display": "23.94", "missing_lines": 40, "excluded_lines": 0, "percent_statements_covered": 27.272727272727273, "percent_statements_covered_display": "27.27", "num_branches": 16, "num_partial_branches": 2, "covered_branches": 2, "missing_branches": 14, "percent_branches_covered": 12.5, "percent_branches_covered_display": "12.50"}, "missing_lines": [52, 53, 55, 57, 59, 61, 63, 64, 65, 66, 67, 68, 69, 73, 74, 76, 77, 78, 80, 82, 83, 84, 86, 87, 91, 94, 95, 99, 109, 111, 112, 113, 115, 121, 122, 123, 124, 125, 126, 127], "excluded_lines": [], "start_line": 1, "executed_branches": [[42, 43], [120, -1]], "missing_branches": [[42, 50], [63, 64], [63, 94], [65, -50], [65, 66], [67, 68], [67, 86], [73, 74], [73, 80], [111, 112], [111, 115], [112, -102], [112, 113], [120, 121]]}}}, "src/pull_xfce.py": {"executed_lines": [13, 14, 15, 16, 18, 20, 24, 40, 41, 42, 43, 47, 50, 97, 115], "summary": {"covered_lines": 15, "num_statements": 52, "percent_covered": 25.757575757575758, "percent_covered_display": "25.76", "missing_lines": 37, "excluded_lines": 0, "percent_statements_covered": 28.846153846153847, "percent_statements_covered_display": "28.85", "num_branches": 14, "num_partial_branches": 2, "covered_branches": 2, "missing_branches": 12, "percent_branches_covered": 14.285714285714286, "percent_branches_covered_display": "14.29"}, "missing_lines": [52, 53, 55, 57, 59, 61, 62, 64, 65, 66, 67, 68, 69, 70, 72, 73, 74, 78, 79, 81, 82, 86, 89, 90, 94, 104, 106, 107, 108, 110, 116, 117, 118, 119, 120, 121, 122], "excluded_lines": [], "executed_branches": [[42, 43], [115, -1]], "missing_branches": [[42, 50], [64, 65], [64, 89], [66, -50], [66, 67], [68, 69], [68, 81], [106, 107], [106, 110], [107, -97], [107, 108], [115, 116]], "functions": {"pull_xfce": {"executed_lines": [], "summary": {"covered_lines": 0, "num_statements": 23, "percent_covered": 0.0, "percent_covered_display": "0.00", "missing_lines": 23, "excluded_lines": 0, "percent_statements_covered": 0.0, "percent_statements_covered_display": "0.00", "num_branches": 6, "num_partial_branches": 0, "covered_branches": 0, "missing_branches": 6, "percent_branches_covered": 0.0, "percent_branches_covered_display": "0.00"}, "missing_lines": [52, 53, 55, 61, 62, 64, 65, 66, 67, 68, 69, 70, 72, 73, 74, 78, 79, 81, 82, 86, 89, 90, 94], "excluded_lines": [], "start_line": 50, "executed_branches": [], "missing_branches": [[64, 65], [64, 89], [66, -50], [66, 67], [68, 69], [68, 81]]}, "pull_xfce.get_path": {"executed_lines": [], "summary": {"covered_lines": 0, "num_statements": 2, "percent_covered": 0.0, "percent_covered_display": "0.00", "missing_lines": 2, "excluded_lines": 0, "percent_statements_covered": 0.0, "percent_statements_covered_display": "0.00", "num_branches": 0, "num_partial_branches": 0, "covered_branches": 0, "missing_branches": 0, "percent_branches_covered": 100.0, "percent_branches_covered_display": "100.00"}, "missing_lines": [57, 59], "excluded_lines": [], "start_line": 55, "executed_branches": [], "missing_branches": []}, "main": {"executed_lines": [], "summary": {"covered_lines": 0, "num_statements": 5, "percent_covered": 0.0, "percent_covered_display": "0.00", "missing_lines": 5, "excluded_lines": 0, "percent_statements_covered": 0.0, "percent_statements_covered_display": "0.00", "num_branches": 4, "num_partial_branches": 0, "covered_branches": 0, "missing_branches": 4, "percent_branches_covered": 0.0, "percent_branches_covered_display": "0.00"}, "missing_lines": [104, 106, 107, 108, 110], "excluded_lines": [], "start_line": 97, "executed_branches": [], "missing_branches": [[106, 107], [106, 110], [107, -97], [107, 108]]}, "": {"executed_lines": [13, 14, 15, 16, 18, 20, 24, 40, 41, 42, 43, 47, 50, 97, 115], "summary": {"covered_lines": 15, "num_statements": 22, "percent_covered": 65.38461538461539, "percent_covered_display": "65.38", "missing_lines": 7, "excluded_lines": 0, "percent_statements_covered": 68.18181818181819, "percent_statements_covered_display": "68.18", "num_branches": 4, "num_partial_branches": 2, "covered_branches": 2, "missing_branches": 2, "percent_branches_covered": 50.0, "percent_branches_covered_display": "50.00"}, "missing_lines": [116, 117, 118, 119, 120, 121, 122], "excluded_lines": [], "start_line": 1, "executed_branches": [[42, 43], [115, -1]], "missing_branches": [[42, 50], [115, 116]]}}, "classes": {"": {"executed_lines": [13, 14, 15, 16, 18, 20, 24, 40, 41, 42, 43, 47, 50, 97, 115], "summary": {"covered_lines": 15, "num_statements": 52, "percent_covered": 25.757575757575758, "percent_covered_display": "25.76", "missing_lines": 37, "excluded_lines": 0, "percent_statements_covered": 28.846153846153847, "percent_statements_covered_display": "28.85", "num_branches": 14, "num_partial_branches": 2, "covered_branches": 2, "missing_branches": 12, "percent_branches_covered": 14.285714285714286, "percent_branches_covered_display": "14.29"}, "missing_lines": [52, 53, 55, 57, 59, 61, 62, 64, 65, 66, 67, 68, 69, 70, 72, 73, 74, 78, 79, 81, 82, 86, 89, 90, 94, 104, 106, 107, 108, 110, 116, 117, 118, 119, 120, 121, 122], "excluded_lines": [], "start_line": 1, "executed_branches": [[42, 43], [115, -1]], "missing_branches": [[42, 50], [64, 65], [64, 89], [66, -50], [66, 67], [68, 69], [68, 81], [106, 107], [106, 110], [107, -97], [107, 108], [115, 116]]}}}, "src/purge_xfce.py": {"executed_lines": [14, 15, 16, 17, 18, 20, 22, 25, 40, 41, 42, 43, 47, 50, 108, 126], "summary": {"covered_lines": 16, "num_statements": 59, "percent_covered": 24.0, "percent_covered_display": "24.00", "missing_lines": 43, "excluded_lines": 0, "percent_statements_covered": 27.11864406779661, "percent_statements_covered_display": "27.12", "num_branches": 16, "num_partial_branches": 2, "covered_branches": 2, "missing_branches": 14, "percent_branches_covered": 12.5, "percent_branches_covered_display": "12.50"}, "missing_lines": [52, 53, 55, 57, 59, 61, 62, 64, 69, 70, 71, 72, 73, 74, 75, 76, 77, 78, 79, 85, 86, 87, 91, 92, 93, 94, 95, 97, 98, 102, 105, 115, 117, 118, 119, 121, 127, 128, 129, 130, 131, 132, 133], "excluded_lines": [], "executed_branches": [[42, 43], [126, -1]], "missing_branches": [[42, 50], [69, 70], [69, 105], [70, 71], [70, 97], [72, 73], [72, 92], [74, 72], [74, 75], [117, 118], [117, 121], [118, -108], [118, 119], [126, 127]], "functions": {"purge_xfce": {"executed_lines": [], "summary": {"covered_lines": 0, "num_statements": 29, "percent_covered": 0.0, "percent_covered_display": "0.00", "missing_lines": 29, "excluded_lines": 0, "percent_statements_covered": 0.0, "percent_statements_covered_display": "0.00", "num_branches": 8, "num_partial_branches": 0, "covered_branches": 0, "missing_branches": 8, "percent_branches_covered": 0.0, "percent_branches_covered_display": "0.00"}, "missing_lines": [52, 53, 55, 61, 62, 64, 69, 70, 71, 72, 73, 74, 75, 76, 77, 78, 79, 85, 86, 87, 91, 92, 93, 94, 95, 97, 98, 102, 105], "excluded_lines": [], "start_line": 50, "executed_branches": [], "missing_branches": [[69, 70], [69, 105], [70, 71], [70, 97], [72, 73], [72, 92], [74, 72], [74, 75]]}, "purge_xfce.get_path": {"executed_lines": [], "summary": {"covered_lines": 0, "num_statements": 2, "percent_covered": 0.0, "percent_covered_display": "0.00", "missing_lines": 2, "excluded_lines": 0, "percent_statements_covered": 0.0, "percent_statements_covered_display": "0.00", "num_branches": 0, "num_partial_branches": 0, "covered_branches": 0, "missing_branches": 0, "percent_branches_covered": 100.0, "percent_branches_covered_display": "100.00"}, "missing_lines": [57, 59], "excluded_lines": [], "start_line": 55, "executed_branches": [], "missing_branches": []}, "main": {"executed_lines": [], "summary": {"covered_lines": 0, "num_statements": 5, "percent_covered": 0.0, "percent_covered_display": "0.00", "missing_lines": 5, "excluded_lines": 0, "percent_statements_covered": 0.0, "percent_statements_covered_display": "0.00", "num_branches": 4, "num_partial_branches": 0, "covered_branches": 0, "missing_branches": 4, "percent_branches_covered": 0.0, "percent_branches_covered_display": "0.00"}, "missing_lines": [115, 117, 118, 119, 121], "excluded_lines": [], "start_line": 108, "executed_branches": [], "missing_branches": [[117, 118], [117, 121], [118, -108], [118, 119]]}, "": {"executed_lines": [14, 15, 16, 17, 18, 20, 22, 25, 40, 41, 42, 43, 47, 50, 108, 126], "summary": {"covered_lines": 16, "num_statements": 23, "percent_covered": 66.66666666666667, "percent_covered_display": "66.67", "missing_lines": 7, "excluded_lines": 0, "percent_statements_covered": 69.56521739130434, "percent_statements_covered_display": "69.57", "num_branches": 4, "num_partial_branches": 2, "covered_branches": 2, "missing_branches": 2, "percent_branches_covered": 50.0, "percent_branches_covered_display": "50.00"}, "missing_lines": [127, 128, 129, 130, 131, 132, 133], "excluded_lines": [], "start_line": 1, "executed_branches": [[42, 43], [126, -1]], "missing_branches": [[42, 50], [126, 127]]}}, "classes": {"": {"executed_lines": [14, 15, 16, 17, 18, 20, 22, 25, 40, 41, 42, 43, 47, 50, 108, 126], "summary": {"covered_lines": 16, "num_statements": 59, "percent_covered": 24.0, "percent_covered_display": "24.00", "missing_lines": 43, "excluded_lines": 0, "percent_statements_covered": 27.11864406779661, "percent_statements_covered_display": "27.12", "num_branches": 16, "num_partial_branches": 2, "covered_branches": 2, "missing_branches": 14, "percent_branches_covered": 12.5, "percent_branches_covered_display": "12.50"}, "missing_lines": [52, 53, 55, 57, 59, 61, 62, 64, 69, 70, 71, 72, 73, 74, 75, 76, 77, 78, 79, 85, 86, 87, 91, 92, 93, 94, 95, 97, 98, 102, 105, 115, 117, 118, 119, 121, 127, 128, 129, 130, 131, 132, 133], "excluded_lines": [], "start_line": 1, "executed_branches": [[42, 43], [126, -1]], "missing_branches": [[42, 50], [69, 70], [69, 105], [70, 71], [70, 97], [72, 73], [72, 92], [74, 72], [74, 75], [117, 118], [117, 121], [118, -108], [118, 119], [126, 127]]}}}, "src/repocapp.py": {"executed_lines": [], "summary": {"covered_lines": 0, "num_statements": 74, "percent_covered": 0.0, "percent_covered_display": "0.00", "missing_lines": 74, "excluded_lines": 0, "percent_statements_covered": 0.0, "percent_statements_covered_display": "0.00", "num_branches": 18, "num_partial_branches": 0, "covered_branches": 0, "missing_branches": 18, "percent_branches_covered": 0.0, "percent_branches_covered_display": "0.00"}, "missing_lines": [14, 15, 16, 17, 19, 21, 76, 77, 80, 82, 83, 84, 85, 86, 87, 88, 89, 90, 91, 92, 93, 94, 95, 96, 98, 99, 100, 102, 103, 104, 105, 106, 109, 111, 112, 113, 114, 115, 116, 117, 119, 120, 121, 122, 123, 124, 125, 126, 127, 128, 130, 131, 132, 133, 134, 136, 137, 138, 140, 141, 142, 143, 144, 145, 146, 147, 148, 151, 152, 153, 154, 155, 156, 157], "excluded_lines": [], "executed_branches": [], "missing_branches": [[88, 89], [88, 90], [94, 95], [94, 98], [98, 99], [98, 102], [116, 117], [116, 119], [127, 128], [127, 130], [130, 131], [130, 133], [133, 134], [133, 136], [137, 138], [137, 140], [151, -1], [151, 152]], "functions": {"main_menu": {"executed_lines": [], "summary": {"covered_lines": 0, "num_statements": 23, "percent_covered": 0.0, "percent_covered_display": "0.00", "missing_lines": 23, "excluded_lines": 0, "percent_statements_covered": 0.0, "percent_statements_covered_display": "0.00", "num_branches": 6, "num_partial_branches": 0, "covered_branches": 0, "missing_branches": 6, "percent_branches_covered": 0.0, "percent_branches_covered_display": "0.00"}, "missing_lines": [82, 83, 84, 85, 86, 87, 88, 89, 90, 91, 92, 93, 94, 95, 96, 98, 99, 100, 102, 103, 104, 105, 106], "excluded_lines": [], "start_line": 80, "executed_branches": [], "missing_branches": [[88, 89], [88, 90], [94, 95], [94, 98], [98, 99], [98, 102]]}, "sub_menus": {"executed_lines": [], "summary": {"covered_lines": 0, "num_statements": 34, "percent_covered": 0.0, "percent_covered_display": "0.00", "missing_lines": 34, "excluded_lines": 0, "percent_statements_covered": 0.0, "percent_statements_covered_display": "0.00", "num_branches": 10, "num_partial_branches": 0, "covered_branches": 0, "missing_branches": 10, "percent_branches_covered": 0.0, "percent_branches_covered_display": "0.00"}, "missing_lines": [111, 112, 113, 114, 115, 116, 117, 119, 120, 121, 122, 123, 124, 125, 126, 127, 128, 130, 131, 132, 133, 134, 136, 137, 138, 140, 141, 142, 143, 144, 145, 146, 147, 148], "excluded_lines": [], "start_line": 109, "executed_branches": [], "missing_branches": [[116, 117], [116, 119], [127, 128], [127, 130], [130, 131], [130, 133], [133, 134], [133, 136], [137, 138], [137, 140]]}, "": {"executed_lines": [], "summary": {"covered_lines": 0, "num_statements": 17, "percent_covered": 0.0, "percent_covered_display": "0.00", "missing_lines": 17, "excluded_lines": 0, "percent_statements_covered": 0.0, "percent_statements_covered_display": "0.00", "num_branches": 2, "num_partial_branches": 0, "covered_branches": 0, "missing_branches": 2, "percent_branches_covered": 0.0, "percent_branches_covered_display": "0.00"}, "missing_lines": [14, 15, 16, 17, 19, 21, 76, 77, 80, 109, 151, 152, 153, 154, 155, 156, 157], "excluded_lines": [], "start_line": 1, "executed_branches": [], "missing_branches": [[151, -1], [151, 152]]}}, "classes": {"": {"executed_lines": [], "summary": {"covered_lines": 0, "num_statements": 74, "percent_covered": 0.0, "percent_covered_display": "0.00", "missing_lines": 74, "excluded_lines": 0, "percent_statements_covered": 0.0, "percent_statements_covered_display": "0.00", "num_branches": 18, "num_partial_branches": 0, "covered_branches": 0, "missing_branches": 18, "percent_branches_covered": 0.0, "percent_branches_covered_display": "0.00"}, "missing_lines": [14, 15, 16, 17, 19, 21, 76, 77, 80, 82, 83, 84, 85, 86, 87, 88, 89, 90, 91, 92, 93, 94, 95, 96, 98, 99, 100, 102, 103, 104, 105, 106, 109, 111, 112, 113, 114, 115, 116, 117, 119, 120, 121, 122, 123, 124, 125, 126, 127, 128, 130, 131, 132, 133, 134, 136, 137, 138, 140, 141, 142, 143, 144, 145, 146, 147, 148, 151, 152, 153, 154, 155, 156, 157], "excluded_lines": [], "start_line": 1, "executed_branches": [], "missing_branches": [[88, 89], [88, 90], [94, 95], [94, 98], [98, 99], [98, 102], [116, 117], [116, 119], [127, 128], [127, 130], [130, 131], [130, 133], [133, 134], [133, 136], [137, 138], [137, 140], [151, -1], [151, 152]]}}}}, "totals": {"covered_lines": 109, "num_statements": 455, "percent_covered": 20.97053726169844, "percent_covered_display": "20.97", "missing_lines": 346, "excluded_lines": 0, "percent_statements_covered": 23.956043956043956, "percent_statements_covered_display": "23.96", "num_branches": 122, "num_partial_branches": 12, "covered_branches": 12, "missing_branches": 110, "percent_branches_covered": 9.836065573770492, "percent_branches_covered_display": "9.84"}}